<?xml version="1.0" encoding="UTF-8"?>
<!-- Generated by org.testng.reporters.JUnitReportReporter -->
<testsuite skipped="0" hostname="DESKTOP-M2K5DOK" name="testscript.RunMummy_Login" tests="100" failures="0" timestamp="2020-10-20T18:28:18 IST" time="3686.937" errors="0">
  <testcase name="select_LoseWeight_Beginner_Spin___LOGIN_ENTER_NO_Email_AND_PASSWORD" time="55.960" classname="testscript.RunMummy_Login"/>
  <system-out/>
  <testcase name="select_LoseWeight_Beginner_Spin___LOGIN_ENTER_NO_Email_AND_PASSWORD" time="31.750" classname="testscript.RunMummy_Login"/>
  <system-out/>
  <testcase name="select_LoseWeight_Beginner_Spin___LOGIN_ENTER_NO_Email_AND_PASSWORD" time="35.095" classname="testscript.RunMummy_Login"/>
  <system-out/>
  <testcase name="select_LoseWeight_Beginner_Spin___LOGIN_ENTER_NO_Email_AND_PASSWORD" time="28.128" classname="testscript.RunMummy_Login"/>
  <system-out/>
  <testcase name="select_LoseWeight_Beginner_Spin___LOGIN_ENTER_NO_Email_AND_PASSWORD" time="39.734" classname="testscript.RunMummy_Login"/>
  <system-out/>
  <testcase name="select_LoseWeight_Beginner_Spin___LOGIN_ENTER_NO_Email_AND_PASSWORD" time="26.963" classname="testscript.RunMummy_Login"/>
  <system-out/>
  <testcase name="select_LoseWeight_Beginner_Spin___LOGIN_ENTER_NO_Email_AND_PASSWORD" time="56.384" classname="testscript.RunMummy_Login"/>
  <system-out/>
  <testcase name="select_LoseWeight_Beginner_Spin___LOGIN_ENTER_NO_Email_AND_PASSWORD" time="30.808" classname="testscript.RunMummy_Login"/>
  <system-out/>
  <testcase name="select_LoseWeight_Beginner_Spin___LOGIN_ENTER_NO_Email_AND_PASSWORD" time="33.412" classname="testscript.RunMummy_Login"/>
  <system-out/>
  <testcase name="select_LoseWeight_Beginner_Spin___LOGIN_ENTER_NO_Email_AND_PASSWORD" time="28.072" classname="testscript.RunMummy_Login"/>
  <system-out/>
  <testcase name="select_LoseWeight_Beginner_Spin___LOGIN_ENTER_NO_Email_AND_PASSWORD" time="34.115" classname="testscript.RunMummy_Login"/>
  <system-out/>
  <testcase name="select_LoseWeight_Beginner_Spin___LOGIN_ENTER_NO_Email_AND_PASSWORD" time="35.530" classname="testscript.RunMummy_Login"/>
  <system-out/>
  <testcase name="select_LoseWeight_Beginner_Spin___LOGIN_ENTER_NO_Email_AND_PASSWORD" time="43.055" classname="testscript.RunMummy_Login"/>
  <system-out/>
  <testcase name="select_LoseWeight_Beginner_Spin___LOGIN_ENTER_NO_Email_AND_PASSWORD" time="33.338" classname="testscript.RunMummy_Login"/>
  <system-out/>
  <testcase name="select_LoseWeight_Beginner_Spin___LOGIN_ENTER_NO_Email_AND_PASSWORD" time="35.381" classname="testscript.RunMummy_Login"/>
  <system-out/>
  <testcase name="select_LoseWeight_Beginner_Spin___LOGIN_ENTER_NO_Email_AND_PASSWORD" time="32.080" classname="testscript.RunMummy_Login"/>
  <system-out/>
  <testcase name="select_LoseWeight_Beginner_Spin___LOGIN_ENTER_NO_Email_AND_PASSWORD" time="30.138" classname="testscript.RunMummy_Login"/>
  <system-out/>
  <testcase name="select_LoseWeight_Beginner_Spin___LOGIN_ENTER_NO_Email_AND_PASSWORD" time="27.846" classname="testscript.RunMummy_Login"/>
  <system-out/>
  <testcase name="select_LoseWeight_Beginner_Spin___LOGIN_ENTER_NO_Email_AND_PASSWORD" time="41.058" classname="testscript.RunMummy_Login"/>
  <system-out/>
  <testcase name="select_LoseWeight_Beginner_Spin___LOGIN_ENTER_NO_Email_AND_PASSWORD" time="31.915" classname="testscript.RunMummy_Login"/>
  <system-out/>
  <testcase name="select_LoseWeight_Beginner_Spin___LOGIN_ENTER_NO_Email_AND_PASSWORD" time="36.443" classname="testscript.RunMummy_Login"/>
  <system-out/>
  <testcase name="select_LoseWeight_Beginner_Spin___LOGIN_ENTER_NO_Email_AND_PASSWORD" time="30.059" classname="testscript.RunMummy_Login"/>
  <system-out/>
  <testcase name="select_LoseWeight_Beginner_Spin___LOGIN_ENTER_NO_Email_AND_PASSWORD" time="36.105" classname="testscript.RunMummy_Login"/>
  <system-out/>
  <testcase name="select_LoseWeight_Beginner_Spin___LOGIN_ENTER_NO_Email_AND_PASSWORD" time="59.008" classname="testscript.RunMummy_Login"/>
  <system-out/>
  <testcase name="select_LoseWeight_Beginner_Spin___LOGIN_ENTER_NO_Email_AND_PASSWORD" time="29.558" classname="testscript.RunMummy_Login"/>
  <system-out/>
  <testcase name="select_LoseWeight_Beginner_Spin___LOGIN_ENTER_NO_Email_AND_PASSWORD" time="33.991" classname="testscript.RunMummy_Login"/>
  <system-out/>
  <testcase name="select_LoseWeight_Beginner_Spin___LOGIN_ENTER_NO_Email_AND_PASSWORD" time="45.847" classname="testscript.RunMummy_Login"/>
  <system-out/>
  <testcase name="select_LoseWeight_Beginner_Spin___LOGIN_ENTER_NO_Email_AND_PASSWORD" time="40.708" classname="testscript.RunMummy_Login"/>
  <system-out/>
  <testcase name="select_LoseWeight_Beginner_Spin___LOGIN_ENTER_NO_Email_AND_PASSWORD" time="30.912" classname="testscript.RunMummy_Login"/>
  <system-out/>
  <testcase name="select_LoseWeight_Beginner_Spin___LOGIN_ENTER_NO_Email_AND_PASSWORD" time="34.981" classname="testscript.RunMummy_Login"/>
  <system-out/>
  <testcase name="select_LoseWeight_Beginner_Spin___LOGIN_ENTER_NO_Email_AND_PASSWORD" time="37.403" classname="testscript.RunMummy_Login"/>
  <system-out/>
  <testcase name="select_LoseWeight_Beginner_Spin___LOGIN_ENTER_NO_Email_AND_PASSWORD" time="39.009" classname="testscript.RunMummy_Login"/>
  <system-out/>
  <testcase name="select_LoseWeight_Beginner_Spin___LOGIN_ENTER_NO_Email_AND_PASSWORD" time="37.881" classname="testscript.RunMummy_Login"/>
  <system-out/>
  <testcase name="select_LoseWeight_Beginner_Spin___LOGIN_ENTER_NO_Email_AND_PASSWORD" time="26.049" classname="testscript.RunMummy_Login"/>
  <system-out/>
  <testcase name="select_LoseWeight_Beginner_Spin___LOGIN_ENTER_NO_Email_AND_PASSWORD" time="30.677" classname="testscript.RunMummy_Login"/>
  <system-out/>
  <testcase name="select_LoseWeight_Beginner_Spin___LOGIN_ENTER_NO_Email_AND_PASSWORD" time="28.898" classname="testscript.RunMummy_Login"/>
  <system-out/>
  <testcase name="select_LoseWeight_Beginner_Spin___LOGIN_ENTER_NO_Email_AND_PASSWORD" time="34.874" classname="testscript.RunMummy_Login"/>
  <system-out/>
  <testcase name="select_LoseWeight_Beginner_Spin___LOGIN_ENTER_NO_Email_AND_PASSWORD" time="39.728" classname="testscript.RunMummy_Login"/>
  <system-out/>
  <testcase name="select_LoseWeight_Beginner_Spin___LOGIN_ENTER_NO_Email_AND_PASSWORD" time="30.551" classname="testscript.RunMummy_Login"/>
  <system-out/>
  <testcase name="select_LoseWeight_Beginner_Spin___LOGIN_ENTER_NO_Email_AND_PASSWORD" time="38.415" classname="testscript.RunMummy_Login"/>
  <system-out/>
  <testcase name="select_LoseWeight_Beginner_Spin___LOGIN_ENTER_NO_Email_AND_PASSWORD" time="44.494" classname="testscript.RunMummy_Login"/>
  <system-out/>
  <testcase name="select_LoseWeight_Beginner_Spin___LOGIN_ENTER_NO_Email_AND_PASSWORD" time="34.631" classname="testscript.RunMummy_Login"/>
  <system-out/>
  <testcase name="select_LoseWeight_Beginner_Spin___LOGIN_ENTER_NO_Email_AND_PASSWORD" time="39.717" classname="testscript.RunMummy_Login"/>
  <system-out/>
  <testcase name="select_LoseWeight_Beginner_Spin___LOGIN_ENTER_NO_Email_AND_PASSWORD" time="37.029" classname="testscript.RunMummy_Login"/>
  <system-out/>
  <testcase name="select_LoseWeight_Beginner_Spin___LOGIN_ENTER_NO_Email_AND_PASSWORD" time="32.425" classname="testscript.RunMummy_Login"/>
  <system-out/>
  <testcase name="select_LoseWeight_Beginner_Spin___LOGIN_ENTER_NO_Email_AND_PASSWORD" time="42.505" classname="testscript.RunMummy_Login"/>
  <system-out/>
  <testcase name="select_LoseWeight_Beginner_Spin___LOGIN_ENTER_NO_Email_AND_PASSWORD" time="48.037" classname="testscript.RunMummy_Login"/>
  <system-out/>
  <testcase name="select_LoseWeight_Beginner_Spin___LOGIN_ENTER_NO_Email_AND_PASSWORD" time="33.276" classname="testscript.RunMummy_Login"/>
  <system-out/>
  <testcase name="select_LoseWeight_Beginner_Spin___LOGIN_ENTER_NO_Email_AND_PASSWORD" time="36.094" classname="testscript.RunMummy_Login"/>
  <system-out/>
  <testcase name="select_LoseWeight_Beginner_Spin___LOGIN_ENTER_NO_Email_AND_PASSWORD" time="38.368" classname="testscript.RunMummy_Login"/>
  <system-out/>
  <testcase name="select_LoseWeight_Beginner_Spin___LOGIN_ENTER_NO_Email_AND_PASSWORD" time="33.200" classname="testscript.RunMummy_Login"/>
  <system-out/>
  <testcase name="select_LoseWeight_Beginner_Spin___LOGIN_ENTER_NO_Email_AND_PASSWORD" time="32.615" classname="testscript.RunMummy_Login"/>
  <system-out/>
  <testcase name="select_LoseWeight_Beginner_Spin___LOGIN_ENTER_NO_Email_AND_PASSWORD" time="36.723" classname="testscript.RunMummy_Login"/>
  <system-out/>
  <testcase name="select_LoseWeight_Beginner_Spin___LOGIN_ENTER_NO_Email_AND_PASSWORD" time="30.613" classname="testscript.RunMummy_Login"/>
  <system-out/>
  <testcase name="select_LoseWeight_Beginner_Spin___LOGIN_ENTER_NO_Email_AND_PASSWORD" time="30.633" classname="testscript.RunMummy_Login"/>
  <system-out/>
  <testcase name="select_LoseWeight_Beginner_Spin___LOGIN_ENTER_NO_Email_AND_PASSWORD" time="30.967" classname="testscript.RunMummy_Login"/>
  <system-out/>
  <testcase name="select_LoseWeight_Beginner_Spin___LOGIN_ENTER_NO_Email_AND_PASSWORD" time="34.728" classname="testscript.RunMummy_Login"/>
  <system-out/>
  <testcase name="select_LoseWeight_Beginner_Spin___LOGIN_ENTER_NO_Email_AND_PASSWORD" time="64.580" classname="testscript.RunMummy_Login"/>
  <system-out/>
  <testcase name="select_LoseWeight_Beginner_Spin___LOGIN_ENTER_NO_Email_AND_PASSWORD" time="34.802" classname="testscript.RunMummy_Login"/>
  <system-out/>
  <testcase name="select_LoseWeight_Beginner_Spin___LOGIN_ENTER_NO_Email_AND_PASSWORD" time="33.534" classname="testscript.RunMummy_Login"/>
  <system-out/>
  <testcase name="select_LoseWeight_Beginner_Spin___LOGIN_ENTER_NO_Email_AND_PASSWORD" time="30.384" classname="testscript.RunMummy_Login"/>
  <system-out/>
  <testcase name="select_LoseWeight_Beginner_Spin___LOGIN_ENTER_NO_Email_AND_PASSWORD" time="43.616" classname="testscript.RunMummy_Login"/>
  <system-out/>
  <testcase name="select_LoseWeight_Beginner_Spin___LOGIN_ENTER_NO_Email_AND_PASSWORD" time="61.797" classname="testscript.RunMummy_Login"/>
  <system-out/>
  <testcase name="select_LoseWeight_Beginner_Spin___LOGIN_ENTER_NO_Email_AND_PASSWORD" time="38.626" classname="testscript.RunMummy_Login"/>
  <system-out/>
  <testcase name="select_LoseWeight_Beginner_Spin___LOGIN_ENTER_NO_Email_AND_PASSWORD" time="36.969" classname="testscript.RunMummy_Login"/>
  <system-out/>
  <testcase name="select_LoseWeight_Beginner_Spin___LOGIN_ENTER_NO_Email_AND_PASSWORD" time="43.328" classname="testscript.RunMummy_Login"/>
  <system-out/>
  <testcase name="select_LoseWeight_Beginner_Spin___LOGIN_ENTER_NO_Email_AND_PASSWORD" time="52.855" classname="testscript.RunMummy_Login"/>
  <system-out/>
  <testcase name="select_LoseWeight_Beginner_Spin___LOGIN_ENTER_NO_Email_AND_PASSWORD" time="31.345" classname="testscript.RunMummy_Login"/>
  <system-out/>
  <testcase name="select_LoseWeight_Beginner_Spin___LOGIN_ENTER_NO_Email_AND_PASSWORD" time="29.222" classname="testscript.RunMummy_Login"/>
  <system-out/>
  <testcase name="select_LoseWeight_Beginner_Spin___LOGIN_ENTER_NO_Email_AND_PASSWORD" time="36.581" classname="testscript.RunMummy_Login"/>
  <system-out/>
  <testcase name="select_LoseWeight_Beginner_Spin___LOGIN_ENTER_NO_Email_AND_PASSWORD" time="28.261" classname="testscript.RunMummy_Login"/>
  <system-out/>
  <testcase name="select_LoseWeight_Beginner_Spin___LOGIN_ENTER_NO_Email_AND_PASSWORD" time="31.859" classname="testscript.RunMummy_Login"/>
  <system-out/>
  <testcase name="select_LoseWeight_Beginner_Spin___LOGIN_ENTER_NO_Email_AND_PASSWORD" time="27.083" classname="testscript.RunMummy_Login"/>
  <system-out/>
  <testcase name="select_LoseWeight_Beginner_Spin___LOGIN_ENTER_NO_Email_AND_PASSWORD" time="37.426" classname="testscript.RunMummy_Login"/>
  <system-out/>
  <testcase name="select_LoseWeight_Beginner_Spin___LOGIN_ENTER_NO_Email_AND_PASSWORD" time="35.044" classname="testscript.RunMummy_Login"/>
  <system-out/>
  <testcase name="select_LoseWeight_Beginner_Spin___LOGIN_ENTER_NO_Email_AND_PASSWORD" time="33.231" classname="testscript.RunMummy_Login"/>
  <system-out/>
  <testcase name="select_LoseWeight_Beginner_Spin___LOGIN_ENTER_NO_Email_AND_PASSWORD" time="34.077" classname="testscript.RunMummy_Login"/>
  <system-out/>
  <testcase name="select_LoseWeight_Beginner_Spin___LOGIN_ENTER_NO_Email_AND_PASSWORD" time="29.001" classname="testscript.RunMummy_Login"/>
  <system-out/>
  <testcase name="select_LoseWeight_Beginner_Spin___LOGIN_ENTER_NO_Email_AND_PASSWORD" time="38.386" classname="testscript.RunMummy_Login"/>
  <system-out/>
  <testcase name="select_LoseWeight_Beginner_Spin___LOGIN_ENTER_NO_Email_AND_PASSWORD" time="26.597" classname="testscript.RunMummy_Login"/>
  <system-out/>
  <testcase name="select_LoseWeight_Beginner_Spin___LOGIN_ENTER_NO_Email_AND_PASSWORD" time="27.005" classname="testscript.RunMummy_Login"/>
  <system-out/>
  <testcase name="select_LoseWeight_Beginner_Spin___LOGIN_ENTER_NO_Email_AND_PASSWORD" time="56.969" classname="testscript.RunMummy_Login"/>
  <system-out/>
  <testcase name="select_LoseWeight_Beginner_Spin___LOGIN_ENTER_NO_Email_AND_PASSWORD" time="26.026" classname="testscript.RunMummy_Login"/>
  <system-out/>
  <testcase name="select_LoseWeight_Beginner_Spin___LOGIN_ENTER_NO_Email_AND_PASSWORD" time="27.838" classname="testscript.RunMummy_Login"/>
  <system-out/>
  <testcase name="select_LoseWeight_Beginner_Spin___LOGIN_ENTER_NO_Email_AND_PASSWORD" time="40.399" classname="testscript.RunMummy_Login"/>
  <system-out/>
  <testcase name="select_LoseWeight_Beginner_Spin___LOGIN_ENTER_NO_Email_AND_PASSWORD" time="36.859" classname="testscript.RunMummy_Login"/>
  <system-out/>
  <testcase name="select_LoseWeight_Beginner_Spin___LOGIN_ENTER_NO_Email_AND_PASSWORD" time="48.208" classname="testscript.RunMummy_Login"/>
  <system-out/>
  <testcase name="select_LoseWeight_Beginner_Spin___LOGIN_ENTER_NO_Email_AND_PASSWORD" time="52.773" classname="testscript.RunMummy_Login"/>
  <system-out/>
  <testcase name="select_LoseWeight_Beginner_Spin___LOGIN_ENTER_NO_Email_AND_PASSWORD" time="28.063" classname="testscript.RunMummy_Login"/>
  <system-out/>
  <testcase name="select_LoseWeight_Beginner_Spin___LOGIN_ENTER_NO_Email_AND_PASSWORD" time="63.832" classname="testscript.RunMummy_Login"/>
  <system-out/>
  <testcase name="select_LoseWeight_Beginner_Spin___LOGIN_ENTER_NO_Email_AND_PASSWORD" time="38.542" classname="testscript.RunMummy_Login"/>
  <system-out/>
  <testcase name="select_LoseWeight_Beginner_Spin___LOGIN_ENTER_NO_Email_AND_PASSWORD" time="28.903" classname="testscript.RunMummy_Login"/>
  <system-out/>
  <testcase name="select_LoseWeight_Beginner_Spin___LOGIN_ENTER_NO_Email_AND_PASSWORD" time="55.947" classname="testscript.RunMummy_Login"/>
  <system-out/>
  <testcase name="select_LoseWeight_Beginner_Spin___LOGIN_ENTER_NO_Email_AND_PASSWORD" time="36.843" classname="testscript.RunMummy_Login"/>
  <system-out/>
  <testcase name="select_LoseWeight_Beginner_Spin___LOGIN_ENTER_NO_Email_AND_PASSWORD" time="57.650" classname="testscript.RunMummy_Login"/>
  <system-out/>
  <testcase name="select_LoseWeight_Beginner_Spin___LOGIN_ENTER_NO_Email_AND_PASSWORD" time="25.804" classname="testscript.RunMummy_Login"/>
  <system-out/>
  <testcase name="select_LoseWeight_Beginner_Spin___LOGIN_ENTER_NO_Email_AND_PASSWORD" time="43.246" classname="testscript.RunMummy_Login"/>
  <system-out/>
  <testcase name="select_LoseWeight_Beginner_Spin___LOGIN_ENTER_NO_Email_AND_PASSWORD" time="26.369" classname="testscript.RunMummy_Login"/>
  <system-out/>
  <testcase name="select_LoseWeight_Beginner_Spin___LOGIN_ENTER_NO_Email_AND_PASSWORD" time="26.189" classname="testscript.RunMummy_Login"/>
  <system-out/>
  <testcase name="select_LoseWeight_Beginner_Spin___LOGIN_ENTER_NO_Email_AND_PASSWORD" time="32.954" classname="testscript.RunMummy_Login"/>
  <system-out/>
</testsuite> <!-- testscript.RunMummy_Login -->
