<?xml version="1.0" encoding="UTF-8"?>
<!-- Generated by org.testng.reporters.JUnitReportReporter -->
<testsuite skipped="0" hostname="DESKTOP-M2K5DOK" name="testscript.SmokeTestScript" tests="1" failures="0" timestamp="2020-10-14T14:53:35 IST" time="60.362" errors="0">
  <testcase name="select_LoseWeight_Beginner_Spin_Availoffer_Dothe_Payment" time="60.362" classname="testscript.SmokeTestScript"/>
  <system-out/>
</testsuite> <!-- testscript.SmokeTestScript -->
