<?xml version="1.0" encoding="UTF-8"?>
<!-- Generated by org.testng.reporters.JUnitReportReporter -->
<testsuite skipped="0" hostname="DESKTOP-M2K5DOK" name="testscript.SmokeTestScriptRunMummy" tests="1" failures="0" timestamp="2020-10-15T10:03:03 IST" time="44.336" errors="0">
  <testcase name="select_LoseWeight_Beginner_Spin_INVALIDUSERNAME__VALIDPASSWORD" time="44.336" classname="testscript.SmokeTestScriptRunMummy"/>
  <system-out/>
</testsuite> <!-- testscript.SmokeTestScriptRunMummy -->
